<?xml version="1.0" encoding="UTF-8"?>
<testsuite name="com.example.sheduleApp.sheduleApp.PasswordValidationServiceTest" tests="1" skipped="0" failures="0" errors="0" timestamp="2020-08-20T22:15:05" hostname="DESKTOP-A5B7995" time="0.133">
  <properties/>
  <testcase name="validatePassword_NotAllowedCharacters_BadCredentialsExceptionThrown" classname="com.example.sheduleApp.sheduleApp.PasswordValidationServiceTest" time="0.133"/>
  <system-out><![CDATA[00:14:59.849 [Test worker] DEBUG org.springframework.test.annotation.ProfileValueUtils - Retrieved @ProfileValueSourceConfiguration [null] for test class [com.example.sheduleApp.sheduleApp.PasswordValidationServiceTest]
00:14:59.849 [Test worker] DEBUG org.springframework.test.annotation.ProfileValueUtils - Retrieved ProfileValueSource type [class org.springframework.test.annotation.SystemProfileValueSource] for class [com.example.sheduleApp.sheduleApp.PasswordValidationServiceTest]
00:14:59.851 [Test worker] DEBUG org.springframework.test.annotation.ProfileValueUtils - Retrieved @ProfileValueSourceConfiguration [null] for test class [com.example.sheduleApp.sheduleApp.PasswordValidationServiceTest]
00:14:59.852 [Test worker] DEBUG org.springframework.test.annotation.ProfileValueUtils - Retrieved ProfileValueSource type [class org.springframework.test.annotation.SystemProfileValueSource] for class [com.example.sheduleApp.sheduleApp.PasswordValidationServiceTest]
00:14:59.859 [Test worker] DEBUG org.springframework.test.context.support.AbstractDirtiesContextTestExecutionListener - Before test class: context [DefaultTestContext@77091a9c testClass = PasswordValidationServiceTest, testInstance = [null], testMethod = [null], testException = [null], mergedContextConfiguration = [WebMergedContextConfiguration@2e3895c1 testClass = PasswordValidationServiceTest, locations = '{}', classes = '{class com.example.sheduleApp.sheduleApp.SheduleAppApplication}', contextInitializerClasses = '[]', activeProfiles = '{}', propertySourceLocations = '{}', propertySourceProperties = '{org.springframework.boot.test.context.SpringBootTestContextBootstrapper=true}', contextCustomizers = set[org.springframework.boot.test.autoconfigure.properties.PropertyMappingContextCustomizer@0, org.springframework.boot.test.autoconfigure.web.servlet.WebDriverContextCustomizerFactory$Customizer@65398dfc, org.springframework.boot.test.context.filter.ExcludeFilterContextCustomizer@7d224ee, org.springframework.boot.test.json.DuplicateJsonObjectContextCustomizerFactory$DuplicateJsonObjectContextCustomizer@3dd8b959, org.springframework.boot.test.mock.mockito.MockitoContextCustomizer@0, org.springframework.boot.test.web.client.TestRestTemplateContextCustomizer@725bc93b, org.springframework.boot.test.context.SpringBootTestArgs@1], resourceBasePath = 'src/main/webapp', contextLoader = 'org.springframework.boot.test.context.SpringBootContextLoader', parent = [null]], attributes = map['org.springframework.test.context.web.ServletTestExecutionListener.activateListener' -> true]], class annotated with @DirtiesContext [false] with mode [null].
00:14:59.863 [Test worker] DEBUG org.springframework.test.annotation.ProfileValueUtils - Retrieved @ProfileValueSourceConfiguration [null] for test class [com.example.sheduleApp.sheduleApp.PasswordValidationServiceTest]
00:14:59.863 [Test worker] DEBUG org.springframework.test.annotation.ProfileValueUtils - Retrieved ProfileValueSource type [class org.springframework.test.annotation.SystemProfileValueSource] for class [com.example.sheduleApp.sheduleApp.PasswordValidationServiceTest]
00:14:59.911 [Test worker] DEBUG org.springframework.test.context.support.TestPropertySourceUtils - Adding inlined properties to environment: {spring.jmx.enabled=false, org.springframework.boot.test.context.SpringBootTestContextBootstrapper=true}

  .   ____          _            __ _ _
 /\\ / ___'_ __ _ _(_)_ __  __ _ \ \ \ \
( ( )\___ | '_ | '_| | '_ \/ _` | \ \ \ \
 \\/  ___)| |_)| | | | | || (_| |  ) ) ) )
  '  |____| .__|_| |_|_| |_\__, | / / / /
 =========|_|==============|___/=/_/_/_/
 :: Spring Boot ::        (v2.3.1.RELEASE)

2020-08-21 00:15:00.328  INFO 16500 --- [    Test worker] c.e.s.s.PasswordValidationServiceTest    : Starting PasswordValidationServiceTest on DESKTOP-A5B7995 with PID 16500 (started by ArtemCodeMachine in C:\Users\ArtemCodeMachine\Desktop\artrom-java-mentoring)
2020-08-21 00:15:00.331  INFO 16500 --- [    Test worker] c.e.s.s.PasswordValidationServiceTest    : No active profile set, falling back to default profiles: default
2020-08-21 00:15:01.526  INFO 16500 --- [    Test worker] .s.d.r.c.RepositoryConfigurationDelegate : Bootstrapping Spring Data JPA repositories in DEFERRED mode.
2020-08-21 00:15:01.623  INFO 16500 --- [    Test worker] .s.d.r.c.RepositoryConfigurationDelegate : Finished Spring Data repository scanning in 85ms. Found 2 JPA repository interfaces.
2020-08-21 00:15:02.263  INFO 16500 --- [    Test worker] trationDelegate$BeanPostProcessorChecker : Bean 'org.springframework.security.access.expression.method.DefaultMethodSecurityExpressionHandler@1c635a0e' of type [org.springframework.security.access.expression.method.DefaultMethodSecurityExpressionHandler] is not eligible for getting processed by all BeanPostProcessors (for example: not eligible for auto-proxying)
2020-08-21 00:15:02.272  INFO 16500 --- [    Test worker] trationDelegate$BeanPostProcessorChecker : Bean 'methodSecurityConfig' of type [com.example.sheduleApp.sheduleApp.config.security.MethodSecurityConfig$$EnhancerBySpringCGLIB$$a2e17b8b] is not eligible for getting processed by all BeanPostProcessors (for example: not eligible for auto-proxying)
2020-08-21 00:15:02.294  INFO 16500 --- [    Test worker] trationDelegate$BeanPostProcessorChecker : Bean 'methodSecurityMetadataSource' of type [org.springframework.security.access.method.DelegatingMethodSecurityMetadataSource] is not eligible for getting processed by all BeanPostProcessors (for example: not eligible for auto-proxying)
2020-08-21 00:15:02.584  INFO 16500 --- [    Test worker] o.s.s.concurrent.ThreadPoolTaskExecutor  : Initializing ExecutorService 'applicationTaskExecutor'
2020-08-21 00:15:02.603  INFO 16500 --- [    Test worker] com.zaxxer.hikari.HikariDataSource       : HikariPool-1 - Starting...
2020-08-21 00:15:02.827  INFO 16500 --- [    Test worker] com.zaxxer.hikari.pool.PoolBase          : HikariPool-1 - Driver does not support get/set network timeout for connections. (Method org.postgresql.jdbc.PgConnection.getNetworkTimeout() is not yet implemented.)
2020-08-21 00:15:02.847  INFO 16500 --- [    Test worker] com.zaxxer.hikari.HikariDataSource       : HikariPool-1 - Start completed.
2020-08-21 00:15:02.956  INFO 16500 --- [         task-1] o.hibernate.jpa.internal.util.LogHelper  : HHH000204: Processing PersistenceUnitInfo [name: default]
2020-08-21 00:15:03.028  WARN 16500 --- [    Test worker] JpaBaseConfiguration$JpaWebConfiguration : spring.jpa.open-in-view is enabled by default. Therefore, database queries may be performed during view rendering. Explicitly configure spring.jpa.open-in-view to disable this warning
2020-08-21 00:15:03.073  INFO 16500 --- [         task-1] org.hibernate.Version                    : HHH000412: Hibernate ORM core version 5.4.17.Final
2020-08-21 00:15:03.416  INFO 16500 --- [         task-1] o.hibernate.annotations.common.Version   : HCANN000001: Hibernate Commons Annotations {5.1.0.Final}
2020-08-21 00:15:03.675  INFO 16500 --- [         task-1] org.hibernate.dialect.Dialect            : HHH000400: Using dialect: org.hibernate.dialect.PostgreSQL10Dialect
2020-08-21 00:15:03.994  INFO 16500 --- [    Test worker] o.s.s.web.DefaultSecurityFilterChain     : Creating filter chain: any request, [org.springframework.security.web.context.request.async.WebAsyncManagerIntegrationFilter@24649520, org.springframework.security.web.context.SecurityContextPersistenceFilter@1a2f3138, org.springframework.security.web.header.HeaderWriterFilter@41bd41ca, org.springframework.security.web.authentication.logout.LogoutFilter@4967ab25, com.example.sheduleApp.sheduleApp.config.security.JwtTokenFilter@40be1227, org.springframework.security.web.savedrequest.RequestCacheAwareFilter@6f3ef3f6, org.springframework.security.web.servletapi.SecurityContextHolderAwareRequestFilter@177b542e, org.springframework.security.web.authentication.AnonymousAuthenticationFilter@27cc29e8, org.springframework.security.web.session.SessionManagementFilter@69b5b8e5, org.springframework.security.web.access.ExceptionTranslationFilter@656a3b60, org.springframework.security.web.access.intercept.FilterSecurityInterceptor@44527639]
2020-08-21 00:15:05.196  INFO 16500 --- [    Test worker] DeferredRepositoryInitializationListener : Triggering deferred initialization of Spring Data repositories…
2020-08-21 00:15:05.397  INFO 16500 --- [         task-1] o.h.e.t.j.p.i.JtaPlatformInitiator       : HHH000490: Using JtaPlatform implementation: [org.hibernate.engine.transaction.jta.platform.internal.NoJtaPlatform]
2020-08-21 00:15:05.407  INFO 16500 --- [         task-1] j.LocalContainerEntityManagerFactoryBean : Initialized JPA EntityManagerFactory for persistence unit 'default'
2020-08-21 00:15:05.779  INFO 16500 --- [    Test worker] DeferredRepositoryInitializationListener : Spring Data repositories initialized!
2020-08-21 00:15:05.788  INFO 16500 --- [    Test worker] c.e.s.s.PasswordValidationServiceTest    : Started PasswordValidationServiceTest in 5.859 seconds (JVM running for 7.714)
]]></system-out>
  <system-err><![CDATA[]]></system-err>
</testsuite>
